
> casskai@1.0.0 type-check
> tsc --noEmit -p tsconfig.app.json

src/types/company-settings.types.ts(318,2): error TS1128: Declaration or statement expected.
src/types/company-settings.types.ts(326,19): error TS1005: ';' expected.
src/types/company-settings.types.ts(328,13): error TS1005: ';' expected.
src/types/company-settings.types.ts(330,16): error TS1005: ';' expected.
src/types/company-settings.types.ts(332,7): error TS1109: Expression expected.
src/types/company-settings.types.ts(332,8): error TS1128: Declaration or statement expected.
src/types/company-settings.types.ts(352,12): error TS1005: ';' expected.
src/types/company-settings.types.ts(354,12): error TS1005: ';' expected.
src/types/company-settings.types.ts(356,14): error TS1005: ';' expected.
src/types/company-settings.types.ts(358,5): error TS1109: Expression expected.
src/types/company-settings.types.ts(358,6): error TS1128: Declaration or statement expected.
src/types/company-settings.types.ts(366,17): error TS1005: ';' expected.
src/types/company-settings.types.ts(368,7): error TS1109: Expression expected.
src/types/company-settings.types.ts(368,8): error TS1128: Declaration or statement expected.
src/types/company-settings.types.ts(372,16): error TS1005: ';' expected.
src/types/company-settings.types.ts(374,21): error TS1005: ';' expected.
src/types/company-settings.types.ts(376,17): error TS1005: ';' expected.
src/types/company-settings.types.ts(390,15): error TS1005: ';' expected.
src/types/company-settings.types.ts(400,5): error TS1109: Expression expected.
src/types/company-settings.types.ts(400,6): error TS1128: Declaration or statement expected.
src/types/company-settings.types.ts(406,21): error TS1005: ';' expected.
src/types/company-settings.types.ts(408,20): error TS1005: ';' expected.
src/types/company-settings.types.ts(410,15): error TS1005: ';' expected.
src/types/company-settings.types.ts(412,15): error TS1005: ';' expected.
src/types/company-settings.types.ts(414,15): error TS1005: ';' expected.
src/types/company-settings.types.ts(416,5): error TS1109: Expression expected.
src/types/company-settings.types.ts(416,6): error TS1128: Declaration or statement expected.
src/types/company-settings.types.ts(422,19): error TS1005: ';' expected.
src/types/company-settings.types.ts(424,21): error TS1005: ';' expected.
src/types/company-settings.types.ts(426,21): error TS1005: ';' expected.
src/types/company-settings.types.ts(428,20): error TS1005: ';' expected.
src/types/company-settings.types.ts(430,29): error TS1005: ';' expected.
src/types/company-settings.types.ts(432,5): error TS1109: Expression expected.
src/types/company-settings.types.ts(432,6): error TS1128: Declaration or statement expected.
src/types/company-settings.types.ts(440,14): error TS1005: ';' expected.
src/types/company-settings.types.ts(442,7): error TS1109: Expression expected.
src/types/company-settings.types.ts(442,8): error TS1128: Declaration or statement expected.
src/types/company-settings.types.ts(446,14): error TS1005: ';' expected.
src/types/company-settings.types.ts(448,16): error TS1005: ';' expected.
src/types/company-settings.types.ts(452,20): error TS1005: ';' expected.
src/types/company-settings.types.ts(454,15): error TS1005: ';' expected.
src/types/company-settings.types.ts(456,17): error TS1005: ';' expected.
src/types/company-settings.types.ts(460,16): error TS1005: ';' expected.
src/types/company-settings.types.ts(462,9): error TS1109: Expression expected.
src/types/company-settings.types.ts(462,10): error TS1128: Declaration or statement expected.
src/types/company-settings.types.ts(464,8): error TS1128: Declaration or statement expected.
src/types/company-settings.types.ts(466,6): error TS1128: Declaration or statement expected.
src/types/company-settings.types.ts(478,13): error TS1005: ';' expected.
src/types/company-settings.types.ts(482,28): error TS1005: ';' expected.
src/types/company-settings.types.ts(484,5): error TS1109: Expression expected.
src/types/company-settings.types.ts(484,6): error TS1128: Declaration or statement expected.
src/types/company-settings.types.ts(486,3): error TS1128: Declaration or statement expected.
src/types/company-settings.types.ts(488,1): error TS1128: Declaration or statement expected.
